Arguments: 
  D:\Program Files (x86)\Node.js\node.exe D:\Program Files (x86)\Node.js\node_global\node_modules\yarn\bin\yarn.js intall

PATH: 
  C:\Program Files (x86)\Common Files\Oracle\Java\javapath;C:\Program Files (x86)\ImageMagick-7.0.1-Q16;D:\Program Files (x86)\ImageMagick-7.0.1-Q16;D:\JDK\bin;D:\JDK\jre\bin;C:\WINDOWS\system32;C:\WINDOWS;C:\WINDOWS\System32\Wbem;C:\WINDOWS\System32\WindowsPowerShell\v1.0\;C:\Program Files\Intel\WiFi\bin\;C:\Program Files\Common Files\Intel\WirelessCommon\;D:\Program Files (x86)\Git\cmd;D:\Program Files (x86)\Node.js\;D:\Wamp\wamp64\bin\php\php5.6.25;;C:\WINDOWS\System32\OpenSSH\;D:\Python\Scripts\;D:\Python\;C:\Users\zcf\AppData\Local\Microsoft\WindowsApps;D:\Program Files (x86)\Node.js\node_global\;D:\Program Files (x86)\Fiddler;C:\Users\zcf\AppData\Local\GitHubDesktop\bin;C:\Users\zcf\AppData\Roaming\npm;D:\Program Files (x86)\Microsoft VS Code\bin;D:\Wamp\wamp64\bin\php\php5.6.25;C:\Users\zcf\AppData\Local\Microsoft\WindowsApps;D:\Program Files\watchman;;D:\Program Files (x86)\Microsoft VS Code\Microsoft VS Code\bin

Yarn version: 
  1.3.2

Node version: 
  8.9.4

Platform: 
  win32 x64

npm manifest: 
  {
    "name": "potree",
    "private": true,
    "version": "0.0.1",
    "description": "WebGL point cloud viewer",
    "scripts": {
      "lint": "eslint src",
      "test": "npm run lint"
    },
    "dependencies": {
      "eslint": "^4.18.2",
      "eslint-config-happiness": "^10.2.1",
      "eslint-plugin-import": "^2.9.0",
      "eslint-plugin-node": "^5.2.1",
      "eslint-plugin-promise": "^3.6.0",
      "eslint-plugin-standard": "^3.0.1",
  <<<<<<< HEAD
      "gulp": "^3.9.1",
  =======
  >>>>>>> 新增了以鼠标位置为中心的定位缩放按钮zoomControls
      "gulp-concat": "~2.1.7",
      "gulp-connect": "^5.5.0",
      "gulp-jshint": "^2.1.0",
      "gulp-rename": "~1.0.0",
      "gulp-size": "^2.1.0",
      "gulp-uglify": "^3.0.1",
      "gulp-util": "~2.2.20",
      "jshint": "^2.9.5",
      "through": "~2.3.4"
    },
    "author": "Markus Schütz",
    "license": "BSD-2-CLAUSE",
    "devDependencies": {
      "gulp": "^3.9.1"
    }
  }

yarn manifest: 
  No manifest

Lockfile: 
  No lockfile

Trace: 
  SyntaxError: F:\3DVision\package.json: Unexpected token < in JSON at position 421
      at JSON.parse (<anonymous>)
      at D:\Program Files (x86)\Node.js\node_global\node_modules\yarn\lib\cli.js:770:59
      at Generator.next (<anonymous>)
      at step (D:\Program Files (x86)\Node.js\node_global\node_modules\yarn\lib\cli.js:92:30)
      at D:\Program Files (x86)\Node.js\node_global\node_modules\yarn\lib\cli.js:103:13
      at <anonymous>
